#
# A fatal error has been detected by the Java Runtime Environment:
#
#  EXCEPTION_ACCESS_VIOLATION (0xc0000005) at pc=0x62237e05, pid=5800, tid=0x000014e0
#
# JRE version: Java(TM) SE Runtime Environment (8.0_141-b15) (build 1.8.0_141-b15)
# Java VM: Java HotSpot(TM) Client VM (25.141-b15 mixed mode windows-x86 )
# Problematic frame:
# V  [jvm.dll+0xe7e05]
#
# Failed to write core dump. Minidumps are not enabled by default on client versions of Windows
#
# If you would like to submit a bug report, please visit:
#   http://bugreport.java.com/bugreport/crash.jsp
#

---------------  T H R E A D  ---------------

Current thread (0x15698400):  JavaThread "AWT-EventQueue-0" [_thread_in_vm, id=5344, stack(0x152f0000,0x15340000)]

siginfo: ExceptionCode=0xc0000005, writing address 0x8900f47e

Registers:
EAX=0x2a9bd300, EBX=0x00000001, ECX=0x00000002, EDX=0x3ffffffe
ESP=0x1533e444, EBP=0x1533e468, ESI=0x15698400, EDI=0x14a76a28
EIP=0x62237e05, EFLAGS=0x00010216

Top of Stack: (sp=0x1533e444)
0x1533e444:   15698540 04c3d658 00000000 15698540
0x1533e454:   00000001 15698400 00000000 15698400
0x1533e464:   15787298 1533e4b8 61a92fb3 15698540
0x1533e474:   04c3d658 1567eeb8 00000000 2ad3d46f
0x1533e484:   15698400 16680dd0 16680dd0 157450f8
0x1533e494:   00000001 00000000 15745118 00000001
0x1533e4a4:   00a4c0b0 1533e480 1533ea58 61ab6d3a
0x1533e4b4:   00000000 1533e4ec 026ed3d3 1567eeb8 

Instructions: (pc=0x62237e05)
0x62237de5:   10 51 57 e8 43 af f1 ff 83 c4 08 83 c7 04 4b 75
0x62237df5:   ed 8b 45 0c 8b 4d 08 50 51 e8 7d 40 07 00 83 c4
0x62237e05:   08 83 7d f4 00 89 45 08 74 08 8d 4d f0 e8 39 04
0x62237e15:   0c 00 8b 7e 28 8b 57 08 83 3a 00 8b 5f 04 74 13 


Register to memory mapping:

EAX=0x2a9bd300 is an unknown value
EBX=0x00000001 is an unknown value
ECX=0x00000002 is an unknown value
EDX=0x3ffffffe is an unknown value
ESP=0x1533e444 is pointing into the stack for thread: 0x15698400
EBP=0x1533e468 is pointing into the stack for thread: 0x15698400
ESI=0x15698400 is a thread
EDI=0x14a76a28 is pointing into metadata


Stack: [0x152f0000,0x15340000],  sp=0x1533e444,  free space=313k
Native frames: (J=compiled Java code, j=interpreted, Vv=VM code, C=native code)
V  [jvm.dll+0xe7e05]
C  [awt.dll+0x92fb3]
j  sun.awt.windows.WInputMethodDescriptor.getNativeAvailableLocales()[Ljava/util/Locale;+0
j  sun.awt.windows.WInputMethodDescriptor.getAvailableLocalesInternal()[Ljava/util/Locale;+0
j  sun.awt.windows.WInputMethod.setLocale(Ljava/util/Locale;Z)Z+0
j  sun.awt.windows.WInputMethod.activate()V+98
j  sun.awt.im.InputContext.activateInputMethod(Z)V+169
j  sun.awt.im.InputContext.focusGained(Ljava/awt/Component;)V+137
j  sun.awt.im.InputContext.dispatchEvent(Ljava/awt/AWTEvent;)V+100
j  sun.awt.im.InputMethodContext.dispatchEvent(Ljava/awt/AWTEvent;)V+58
j  java.awt.Component.dispatchEventImpl(Ljava/awt/AWTEvent;)V+342
j  java.awt.Container.dispatchEventImpl(Ljava/awt/AWTEvent;)V+42
j  java.awt.Component.dispatchEvent(Ljava/awt/AWTEvent;)V+2
j  java.awt.KeyboardFocusManager.redispatchEvent(Ljava/awt/Component;Ljava/awt/AWTEvent;)V+7
j  java.awt.DefaultKeyboardFocusManager.typeAheadAssertions(Ljava/awt/Component;Ljava/awt/AWTEvent;)Z+335
j  java.awt.DefaultKeyboardFocusManager.dispatchEvent(Ljava/awt/AWTEvent;)Z+1038
j  java.awt.Component.dispatchEventImpl(Ljava/awt/AWTEvent;)V+151
j  java.awt.Container.dispatchEventImpl(Ljava/awt/AWTEvent;)V+42
j  java.awt.Component.dispatchEvent(Ljava/awt/AWTEvent;)V+2
j  java.awt.EventQueue.dispatchEventImpl(Ljava/awt/AWTEvent;Ljava/lang/Object;)V+41
j  java.awt.EventQueue.access$500(Ljava/awt/EventQueue;Ljava/awt/AWTEvent;Ljava/lang/Object;)V+3
j  java.awt.EventQueue$3.run()Ljava/lang/Void;+32
j  java.awt.EventQueue$3.run()Ljava/lang/Object;+1
v  ~StubRoutines::call_stub
V  [jvm.dll+0x15af45]
V  [jvm.dll+0x2213ae]
V  [jvm.dll+0x15afde]
V  [jvm.dll+0x10b2cf]
C  [java.dll+0x102f]
J 544 C1 java.security.ProtectionDomain$JavaSecurityAccessImpl.doIntersectionPrivilege(Ljava/security/PrivilegedAction;Ljava/security/AccessControlContext;Ljava/security/AccessControlContext;)Ljava/lang/Object; (22 bytes) @ 0x0282ffc0 [0x0282fec0+0x100]
j  java.security.ProtectionDomain$JavaSecurityAccessImpl.doIntersectionPrivilege(Ljava/security/PrivilegedAction;Ljava/security/AccessControlContext;)Ljava/lang/Object;+6
j  java.awt.EventQueue$4.run()Ljava/lang/Void;+11
j  java.awt.EventQueue$4.run()Ljava/lang/Object;+1
v  ~StubRoutines::call_stub
V  [jvm.dll+0x15af45]
V  [jvm.dll+0x2213ae]
V  [jvm.dll+0x15afde]
V  [jvm.dll+0x10b2cf]
C  [java.dll+0x102f]
J 544 C1 java.security.ProtectionDomain$JavaSecurityAccessImpl.doIntersectionPrivilege(Ljava/security/PrivilegedAction;Ljava/security/AccessControlContext;Ljava/security/AccessControlContext;)Ljava/lang/Object; (22 bytes) @ 0x0282ffc0 [0x0282fec0+0x100]
j  java.awt.EventQueue.dispatchEvent(Ljava/awt/AWTEvent;)V+73
J 502 C1 java.awt.EventDispatchThread.pumpOneEventForFilters(I)V (295 bytes) @ 0x02821990 [0x02821300+0x690]
j  java.awt.EventDispatchThread.pumpEventsForFilter(ILjava/awt/Conditional;Ljava/awt/EventFilter;)V+35
j  java.awt.EventDispatchThread.pumpEventsForHierarchy(ILjava/awt/Conditional;Ljava/awt/Component;)V+11
j  java.awt.EventDispatchThread.pumpEvents(ILjava/awt/Conditional;)V+4
j  java.awt.EventDispatchThread.pumpEvents(Ljava/awt/Conditional;)V+3
j  java.awt.EventDispatchThread.run()V+9
v  ~StubRoutines::call_stub
V  [jvm.dll+0x15af45]
V  [jvm.dll+0x2213ae]
V  [jvm.dll+0x15afde]
V  [jvm.dll+0x15b166]
V  [jvm.dll+0x15b1d7]
V  [jvm.dll+0xff36f]
V  [jvm.dll+0x17dc30]
V  [jvm.dll+0x17e4aa]
V  [jvm.dll+0x1c2ec6]
C  [msvcr100.dll+0x5c556]
C  [msvcr100.dll+0x5c600]
C  [kernel32.dll+0x1343d]
C  [ntdll.dll+0x39802]
C  [ntdll.dll+0x397d5]
C  0x00000000

Java frames: (J=compiled Java code, j=interpreted, Vv=VM code)
j  sun.awt.windows.WInputMethodDescriptor.getNativeAvailableLocales()[Ljava/util/Locale;+0
j  sun.awt.windows.WInputMethodDescriptor.getAvailableLocalesInternal()[Ljava/util/Locale;+0
j  sun.awt.windows.WInputMethod.setLocale(Ljava/util/Locale;Z)Z+0
j  sun.awt.windows.WInputMethod.activate()V+98
j  sun.awt.im.InputContext.activateInputMethod(Z)V+169
j  sun.awt.im.InputContext.focusGained(Ljava/awt/Component;)V+137
j  sun.awt.im.InputContext.dispatchEvent(Ljava/awt/AWTEvent;)V+100
j  sun.awt.im.InputMethodContext.dispatchEvent(Ljava/awt/AWTEvent;)V+58
j  java.awt.Component.dispatchEventImpl(Ljava/awt/AWTEvent;)V+342
j  java.awt.Container.dispatchEventImpl(Ljava/awt/AWTEvent;)V+42
j  java.awt.Component.dispatchEvent(Ljava/awt/AWTEvent;)V+2
j  java.awt.KeyboardFocusManager.redispatchEvent(Ljava/awt/Component;Ljava/awt/AWTEvent;)V+7
j  java.awt.DefaultKeyboardFocusManager.typeAheadAssertions(Ljava/awt/Component;Ljava/awt/AWTEvent;)Z+335
j  java.awt.DefaultKeyboardFocusManager.dispatchEvent(Ljava/awt/AWTEvent;)Z+1038
j  java.awt.Component.dispatchEventImpl(Ljava/awt/AWTEvent;)V+151
j  java.awt.Container.dispatchEventImpl(Ljava/awt/AWTEvent;)V+42
j  java.awt.Component.dispatchEvent(Ljava/awt/AWTEvent;)V+2
j  java.awt.EventQueue.dispatchEventImpl(Ljava/awt/AWTEvent;Ljava/lang/Object;)V+41
j  java.awt.EventQueue.access$500(Ljava/awt/EventQueue;Ljava/awt/AWTEvent;Ljava/lang/Object;)V+3
j  java.awt.EventQueue$3.run()Ljava/lang/Void;+32
j  java.awt.EventQueue$3.run()Ljava/lang/Object;+1
v  ~StubRoutines::call_stub
J 467  java.security.AccessController.doPrivileged(Ljava/security/PrivilegedAction;Ljava/security/AccessControlContext;)Ljava/lang/Object; (0 bytes) @ 0x02816587 [0x02816520+0x67]
J 544 C1 java.security.ProtectionDomain$JavaSecurityAccessImpl.doIntersectionPrivilege(Ljava/security/PrivilegedAction;Ljava/security/AccessControlContext;Ljava/security/AccessControlContext;)Ljava/lang/Object; (22 bytes) @ 0x0282ffc0 [0x0282fec0+0x100]
j  java.security.ProtectionDomain$JavaSecurityAccessImpl.doIntersectionPrivilege(Ljava/security/PrivilegedAction;Ljava/security/AccessControlContext;)Ljava/lang/Object;+6
j  java.awt.EventQueue$4.run()Ljava/lang/Void;+11
j  java.awt.EventQueue$4.run()Ljava/lang/Object;+1
v  ~StubRoutines::call_stub
J 467  java.security.AccessController.doPrivileged(Ljava/security/PrivilegedAction;Ljava/security/AccessControlContext;)Ljava/lang/Object; (0 bytes) @ 0x02816587 [0x02816520+0x67]
J 544 C1 java.security.ProtectionDomain$JavaSecurityAccessImpl.doIntersectionPrivilege(Ljava/security/PrivilegedAction;Ljava/security/AccessControlContext;Ljava/security/AccessControlContext;)Ljava/lang/Object; (22 bytes) @ 0x0282ffc0 [0x0282fec0+0x100]
j  java.awt.EventQueue.dispatchEvent(Ljava/awt/AWTEvent;)V+73
J 502 C1 java.awt.EventDispatchThread.pumpOneEventForFilters(I)V (295 bytes) @ 0x02821990 [0x02821300+0x690]
j  java.awt.EventDispatchThread.pumpEventsForFilter(ILjava/awt/Conditional;Ljava/awt/EventFilter;)V+35
j  java.awt.EventDispatchThread.pumpEventsForHierarchy(ILjava/awt/Conditional;Ljava/awt/Component;)V+11
j  java.awt.EventDispatchThread.pumpEvents(ILjava/awt/Conditional;)V+4
j  java.awt.EventDispatchThread.pumpEvents(Ljava/awt/Conditional;)V+3
j  java.awt.EventDispatchThread.run()V+9
v  ~StubRoutines::call_stub

---------------  P R O C E S S  ---------------

Java Threads: ( => current thread )
  0x14ce5800 JavaThread "Swing-Shell" daemon [_thread_blocked, id=1332, stack(0x176c0000,0x17710000)]
  0x14ce5000 JavaThread "Image Fetcher 3" daemon [_thread_blocked, id=6628, stack(0x165a0000,0x165f0000)]
  0x15706800 JavaThread "Image Fetcher 0" daemon [_thread_blocked, id=4932, stack(0x16760000,0x167b0000)]
  0x1589cc00 JavaThread "TimerQueue" daemon [_thread_blocked, id=4016, stack(0x164a0000,0x164f0000)]
  0x0032d800 JavaThread "DestroyJavaVM" [_thread_blocked, id=1776, stack(0x023c0000,0x02410000)]
=>0x15698400 JavaThread "AWT-EventQueue-0" [_thread_in_vm, id=5344, stack(0x152f0000,0x15340000)]
  0x1568fc00 JavaThread "AWT-Windows" daemon [_thread_in_native, id=5088, stack(0x04750000,0x047a0000)]
  0x1568f000 JavaThread "AWT-Shutdown" [_thread_blocked, id=3064, stack(0x159b0000,0x15a00000)]
  0x1568c800 JavaThread "Java2D Disposer" daemon [_thread_blocked, id=5832, stack(0x14f00000,0x14f50000)]
  0x14cc6000 JavaThread "Service Thread" daemon [_thread_blocked, id=6252, stack(0x153e0000,0x15430000)]
  0x14cbfc00 JavaThread "C1 CompilerThread0" daemon [_thread_blocked, id=6852, stack(0x15470000,0x154c0000)]
  0x14ccb800 JavaThread "Attach Listener" daemon [_thread_blocked, id=4356, stack(0x150f0000,0x15140000)]
  0x14cc8c00 JavaThread "Signal Dispatcher" daemon [_thread_blocked, id=6644, stack(0x152a0000,0x152f0000)]
  0x14ca7800 JavaThread "Finalizer" daemon [_thread_blocked, id=7036, stack(0x15090000,0x150e0000)]
  0x14c82800 JavaThread "Reference Handler" daemon [_thread_blocked, id=1068, stack(0x04700000,0x04750000)]

Other Threads:
  0x14c7bc00 VMThread [stack: 0x14f60000,0x14fb0000] [id=3492]
  0x14cc6c00 WatcherThread [stack: 0x15170000,0x151c0000] [id=4892]

VM state:not at safepoint (normal execution)

VM Mutex/Monitor currently owned by a thread: None

Heap:
 def new generation   total 4928K, used 4836K [0x04800000, 0x04d50000, 0x09d50000)
  eden space 4416K,  98% used [0x04800000, 0x04c418e0, 0x04c50000)
  from space 512K,  93% used [0x04c50000, 0x04cc7b08, 0x04cd0000)
  to   space 512K,   0% used [0x04cd0000, 0x04cd0000, 0x04d50000)
 tenured generation   total 10944K, used 7250K [0x09d50000, 0x0a800000, 0x14800000)
   the space 10944K,  66% used [0x09d50000, 0x0a464b08, 0x0a464c00, 0x0a800000)
 Metaspace       used 9289K, capacity 9483K, committed 9600K, reserved 9600K

Card table byte_map: [0x00910000,0x009a0000] byte_map_base: 0x008ec000

Polling page: 0x00220000

CodeCache: size=32768Kb used=1593Kb max_used=1593Kb free=31174Kb
 bounds [0x026e0000, 0x02870000, 0x046e0000]
 total_blobs=899 nmethods=672 adapters=157
 compilation: enabled

Compilation events (10 events):
Event: 22.446 Thread 0x14cbfc00  678             sun.java2d.SurfaceData::markDirty (8 bytes)
Event: 22.446 Thread 0x14cbfc00 nmethod 678 0x0286aa48 code [0x0286ab40, 0x0286abd0]
Event: 22.781 Thread 0x14cbfc00  679             sun.awt.SunToolkit::getSystemEventQueueImplPP (13 bytes)
Event: 22.781 Thread 0x14cbfc00 nmethod 679 0x0286ac48 code [0x0286ad50, 0x0286adfc]
Event: 22.789 Thread 0x14cbfc00  680             java.awt.Toolkit::enabledOnToolkit (16 bytes)
Event: 22.789 Thread 0x14cbfc00 nmethod 680 0x0286aec8 code [0x0286afc0, 0x0286b080]
Event: 22.790 Thread 0x14cbfc00  681   !         java.awt.KeyboardFocusManager::clearMostRecentFocusOwner (110 bytes)
Event: 22.791 Thread 0x14cbfc00 nmethod 681 0x0286b0c8 code [0x0286b250, 0x0286bb10]
Event: 22.793 Thread 0x14cbfc00  682             sun.nio.cs.UTF_8$Encoder::encodeArrayLoop (489 bytes)
Event: 22.797 Thread 0x14cbfc00 nmethod 682 0x0286c0c8 code [0x0286c410, 0x0286d10c]

GC Heap History (8 events):
Event: 0.619 GC heap before
{Heap before GC invocations=0 (full 0):
 def new generation   total 4928K, used 4415K [0x04800000, 0x04d50000, 0x09d50000)
  eden space 4416K,  99% used [0x04800000, 0x04c4fe78, 0x04c50000)
  from space 512K,   0% used [0x04c50000, 0x04c50000, 0x04cd0000)
  to   space 512K,   0% used [0x04cd0000, 0x04cd0000, 0x04d50000)
 tenured generation   total 10944K, used 0K [0x09d50000, 0x0a800000, 0x14800000)
   the space 10944K,   0% used [0x09d50000, 0x09d50000, 0x09d50200, 0x0a800000)
 Metaspace       used 4682K, capacity 4867K, committed 4992K, reserved 5504K
Event: 0.631 GC heap after
Heap after GC invocations=1 (full 0):
 def new generation   total 4928K, used 512K [0x04800000, 0x04d50000, 0x09d50000)
  eden space 4416K,   0% used [0x04800000, 0x04800000, 0x04c50000)
  from space 512K, 100% used [0x04cd0000, 0x04d50000, 0x04d50000)
  to   space 512K,   0% used [0x04c50000, 0x04c50000, 0x04cd0000)
 tenured generation   total 10944K, used 776K [0x09d50000, 0x0a800000, 0x14800000)
   the space 10944K,   7% used [0x09d50000, 0x09e12148, 0x09e12200, 0x0a800000)
 Metaspace       used 4682K, capacity 4867K, committed 4992K, reserved 5504K
}
Event: 1.657 GC heap before
{Heap before GC invocations=1 (full 0):
 def new generation   total 4928K, used 4732K [0x04800000, 0x04d50000, 0x09d50000)
  eden space 4416K,  95% used [0x04800000, 0x04c1f1a8, 0x04c50000)
  from space 512K, 100% used [0x04cd0000, 0x04d50000, 0x04d50000)
  to   space 512K,   0% used [0x04c50000, 0x04c50000, 0x04cd0000)
 tenured generation   total 10944K, used 776K [0x09d50000, 0x0a800000, 0x14800000)
   the space 10944K,   7% used [0x09d50000, 0x09e12148, 0x09e12200, 0x0a800000)
 Metaspace       used 7286K, capacity 7452K, committed 7552K, reserved 7552K
Event: 1.675 GC heap after
Heap after GC invocations=2 (full 0):
 def new generation   total 4928K, used 512K [0x04800000, 0x04d50000, 0x09d50000)
  eden space 4416K,   0% used [0x04800000, 0x04800000, 0x04c50000)
  from space 512K, 100% used [0x04c50000, 0x04cd0000, 0x04cd0000)
  to   space 512K,   0% used [0x04cd0000, 0x04cd0000, 0x04d50000)
 tenured generation   total 10944K, used 2192K [0x09d50000, 0x0a800000, 0x14800000)
   the space 10944K,  20% used [0x09d50000, 0x09f74368, 0x09f74400, 0x0a800000)
 Metaspace       used 7286K, capacity 7452K, committed 7552K, reserved 7552K
}
Event: 3.267 GC heap before
{Heap before GC invocations=2 (full 0):
 def new generation   total 4928K, used 4928K [0x04800000, 0x04d50000, 0x09d50000)
  eden space 4416K, 100% used [0x04800000, 0x04c50000, 0x04c50000)
  from space 512K, 100% used [0x04c50000, 0x04cd0000, 0x04cd0000)
  to   space 512K,   0% used [0x04cd0000, 0x04cd0000, 0x04d50000)
 tenured generation   total 10944K, used 2192K [0x09d50000, 0x0a800000, 0x14800000)
   the space 10944K,  20% used [0x09d50000, 0x09f74368, 0x09f74400, 0x0a800000)
 Metaspace       used 7431K, capacity 7612K, committed 7680K, reserved 8576K
Event: 3.277 GC heap after
Heap after GC invocations=3 (full 0):
 def new generation   total 4928K, used 33K [0x04800000, 0x04d50000, 0x09d50000)
  eden space 4416K,   0% used [0x04800000, 0x04800000, 0x04c50000)
  from space 512K,   6% used [0x04cd0000, 0x04cd8668, 0x04d50000)
  to   space 512K,   0% used [0x04c50000, 0x04c50000, 0x04cd0000)
 tenured generation   total 10944K, used 6702K [0x09d50000, 0x0a800000, 0x14800000)
   the space 10944K,  61% used [0x09d50000, 0x0a3db938, 0x0a3dba00, 0x0a800000)
 Metaspace       used 7431K, capacity 7612K, committed 7680K, reserved 8576K
}
Event: 18.264 GC heap before
{Heap before GC invocations=3 (full 0):
 def new generation   total 4928K, used 4449K [0x04800000, 0x04d50000, 0x09d50000)
  eden space 4416K, 100% used [0x04800000, 0x04c50000, 0x04c50000)
  from space 512K,   6% used [0x04cd0000, 0x04cd8668, 0x04d50000)
  to   space 512K,   0% used [0x04c50000, 0x04c50000, 0x04cd0000)
 tenured generation   total 10944K, used 6702K [0x09d50000, 0x0a800000, 0x14800000)
   the space 10944K,  61% used [0x09d50000, 0x0a3db938, 0x0a3dba00, 0x0a800000)
 Metaspace       used 8500K, capacity 8683K, committed 8832K, reserved 9600K
Event: 18.271 GC heap after
Heap after GC invocations=4 (full 0):
 def new generation   total 4928K, used 478K [0x04800000, 0x04d50000, 0x09d50000)
  eden space 4416K,   0% used [0x04800000, 0x04800000, 0x04c50000)
  from space 512K,  93% used [0x04c50000, 0x04cc7b08, 0x04cd0000)
  to   space 512K,   0% used [0x04cd0000, 0x04cd0000, 0x04d50000)
 tenured generation   total 10944K, used 7250K [0x09d50000, 0x0a800000, 0x14800000)
   the space 10944K,  66% used [0x09d50000, 0x0a464b08, 0x0a464c00, 0x0a800000)
 Metaspace       used 8500K, capacity 8683K, committed 8832K, reserved 9600K
}

Deoptimization events (0 events):
No events

Internal exceptions (10 events):
Event: 0.330 Thread 0x0032d800 Exception <a 'java/security/PrivilegedActionException'> (0x04a10e80) thrown at [C:\workspace\8-2-build-windows-i586-cygwin\jdk8u141\9370\hotspot\src\share\vm\prims\jvm.cpp, line 1390]
Event: 0.330 Thread 0x0032d800 Exception <a 'java/security/PrivilegedActionException'> (0x04a11080) thrown at [C:\workspace\8-2-build-windows-i586-cygwin\jdk8u141\9370\hotspot\src\share\vm\prims\jvm.cpp, line 1390]
Event: 0.331 Thread 0x0032d800 Exception <a 'java/security/PrivilegedActionException'> (0x04a15158) thrown at [C:\workspace\8-2-build-windows-i586-cygwin\jdk8u141\9370\hotspot\src\share\vm\prims\jvm.cpp, line 1390]
Event: 0.331 Thread 0x0032d800 Exception <a 'java/security/PrivilegedActionException'> (0x04a15358) thrown at [C:\workspace\8-2-build-windows-i586-cygwin\jdk8u141\9370\hotspot\src\share\vm\prims\jvm.cpp, line 1390]
Event: 0.340 Thread 0x0032d800 Exception <a 'java/io/FileNotFoundException'> (0x04a20240) thrown at [C:\workspace\8-2-build-windows-i586-cygwin\jdk8u141\9370\hotspot\src\share\vm\prims\jni.cpp, line 709]
Event: 0.414 Thread 0x0032d800 Exception <a 'java/lang/NoSuchFieldError': method resolution failed> (0x04adb5b8) thrown at [C:\workspace\8-2-build-windows-i586-cygwin\jdk8u141\9370\hotspot\src\share\vm\prims\methodHandles.cpp, line 1146]
Event: 0.417 Thread 0x0032d800 Exception <a 'java/lang/NoSuchFieldError': method resolution failed> (0x04ae76e8) thrown at [C:\workspace\8-2-build-windows-i586-cygwin\jdk8u141\9370\hotspot\src\share\vm\prims\methodHandles.cpp, line 1146]
Event: 0.548 Thread 0x0032d800 Exception <a 'java/io/FileNotFoundException'> (0x04bc9448) thrown at [C:\workspace\8-2-build-windows-i586-cygwin\jdk8u141\9370\hotspot\src\share\vm\prims\jni.cpp, line 709]
Event: 0.802 Thread 0x156fc800 Exception <a 'java/lang/InterruptedException': sleep interrupted> (0x04911428) thrown at [C:\workspace\8-2-build-windows-i586-cygwin\jdk8u141\9370\hotspot\src\share\vm\prims\jvm.cpp, line 3180]
Event: 21.404 Thread 0x14ce5000 Exception <a 'java/lang/InterruptedException': sleep interrupted> (0x04b36f08) thrown at [C:\workspace\8-2-build-windows-i586-cygwin\jdk8u141\9370\hotspot\src\share\vm\prims\jvm.cpp, line 3180]

Events (10 events):
Event: 21.383 loading class javax/swing/JOptionPane$2 done
Event: 21.384 loading class javax/swing/JOptionPane$3
Event: 21.384 loading class javax/swing/JOptionPane$3 done
Event: 21.396 Executing VM operation: BulkRevokeBias
Event: 21.396 Executing VM operation: BulkRevokeBias done
Event: 22.790 Thread 0x14cbfc00 flushing nmethod 0x02858fc8
Event: 22.791 loading class java/lang/Throwable$WrappedPrintStream
Event: 22.791 loading class java/lang/Throwable$PrintStreamOrWriter
Event: 22.791 loading class java/lang/Throwable$PrintStreamOrWriter done
Event: 22.791 loading class java/lang/Throwable$WrappedPrintStream done


Dynamic libraries:
0x009b0000 - 0x009e3000 	C:\Program Files (x86)\Java\jdk1.8.0_141\bin\java.exe
0x77070000 - 0x771f0000 	C:\Windows\SysWOW64\ntdll.dll
0x76890000 - 0x769a0000 	C:\Windows\syswow64\kernel32.dll
0x74870000 - 0x748b7000 	C:\Windows\syswow64\KERNELBASE.dll
0x763a0000 - 0x76441000 	C:\Windows\syswow64\ADVAPI32.dll
0x74c80000 - 0x74d2c000 	C:\Windows\syswow64\msvcrt.dll
0x74840000 - 0x74859000 	C:\Windows\SysWOW64\sechost.dll
0x76220000 - 0x76310000 	C:\Windows\syswow64\RPCRT4.dll
0x747e0000 - 0x74840000 	C:\Windows\syswow64\SspiCli.dll
0x747d0000 - 0x747dc000 	C:\Windows\syswow64\CRYPTBASE.dll
0x76120000 - 0x76220000 	C:\Windows\syswow64\USER32.dll
0x75360000 - 0x753f0000 	C:\Windows\syswow64\GDI32.dll
0x74c50000 - 0x74c5a000 	C:\Windows\syswow64\LPK.dll
0x76ba0000 - 0x76c3d000 	C:\Windows\syswow64\USP10.dll
0x72dc0000 - 0x72f5e000 	C:\Windows\WinSxS\x86_microsoft.windows.common-controls_6595b64144ccf1df_6.0.7601.18837_none_41e855142bd5705d\COMCTL32.dll
0x769b0000 - 0x76a07000 	C:\Windows\syswow64\SHLWAPI.dll
0x76340000 - 0x763a0000 	C:\Windows\system32\IMM32.DLL
0x76050000 - 0x7611d000 	C:\Windows\syswow64\MSCTF.dll
0x628b0000 - 0x6296f000 	C:\Program Files (x86)\Java\jdk1.8.0_141\jre\bin\msvcr100.dll
0x62150000 - 0x6251e000 	C:\Program Files (x86)\Java\jdk1.8.0_141\jre\bin\client\jvm.dll
0x71e40000 - 0x71e47000 	C:\Windows\system32\WSOCK32.dll
0x76c50000 - 0x76c85000 	C:\Windows\syswow64\WS2_32.dll
0x76c40000 - 0x76c46000 	C:\Windows\syswow64\NSI.dll
0x72180000 - 0x721b2000 	C:\Windows\system32\WINMM.dll
0x722c0000 - 0x722c9000 	C:\Windows\system32\VERSION.dll
0x748c0000 - 0x748c5000 	C:\Windows\syswow64\PSAPI.DLL
0x6e860000 - 0x6e86c000 	C:\Program Files (x86)\Java\jdk1.8.0_141\jre\bin\verify.dll
0x64c00000 - 0x64c21000 	C:\Program Files (x86)\Java\jdk1.8.0_141\jre\bin\java.dll
0x6bb40000 - 0x6bb53000 	C:\Program Files (x86)\Java\jdk1.8.0_141\jre\bin\zip.dll
0x753f0000 - 0x7603c000 	C:\Windows\syswow64\SHELL32.dll
0x76730000 - 0x7688d000 	C:\Windows\syswow64\ole32.dll
0x74970000 - 0x7497b000 	C:\Windows\syswow64\profapi.dll
0x61a00000 - 0x61b45000 	C:\Program Files (x86)\Java\jdk1.8.0_141\jre\bin\awt.dll
0x74ed0000 - 0x74f61000 	C:\Windows\syswow64\OLEAUT32.dll
0x71ca0000 - 0x71d20000 	C:\Windows\system32\uxtheme.dll
0x71d30000 - 0x71d43000 	C:\Windows\system32\dwmapi.dll
0x615d0000 - 0x61698000 	C:\Windows\system32\opengl32.dll
0x627c0000 - 0x627e2000 	C:\Windows\system32\GLU32.dll
0x73cf0000 - 0x73dd7000 	C:\Windows\system32\DDRAW.dll
0x73ce0000 - 0x73ce6000 	C:\Windows\system32\DCIMAN32.dll
0x74d30000 - 0x74ecd000 	C:\Windows\syswow64\SETUPAPI.dll
0x76310000 - 0x76337000 	C:\Windows\syswow64\CFGMGR32.dll
0x74950000 - 0x74962000 	C:\Windows\syswow64\DEVOBJ.dll
0x62780000 - 0x627b9000 	C:\Program Files (x86)\Java\jdk1.8.0_141\jre\bin\fontmanager.dll
0x766a0000 - 0x76723000 	C:\Windows\syswow64\CLBCatQ.DLL
0x702e0000 - 0x70411000 	C:\Windows\system32\WindowsCodecs.dll
0x71dc0000 - 0x71e0c000 	C:\Windows\system32\apphelp.dll
0x60600000 - 0x60631000 	C:\Windows\system32\EhStorShell.dll
0x724b0000 - 0x725a5000 	C:\Windows\system32\PROPSYS.dll
0x5fde0000 - 0x601ea000 	C:\PROGRA~2\MICROS~2\Office14\GROOVEEX.DLL
0x73070000 - 0x73113000 	C:\Windows\WinSxS\x86_microsoft.vc90.crt_1fc8b3b9a1e18e3b_9.0.30729.6161_none_50934f2ebcb7eb57\MSVCR90.dll
0x60570000 - 0x605fe000 	C:\Windows\WinSxS\x86_microsoft.vc90.crt_1fc8b3b9a1e18e3b_9.0.30729.6161_none_50934f2ebcb7eb57\MSVCP90.dll
0x60650000 - 0x6067b000 	C:\Windows\WinSxS\x86_microsoft.vc90.atl_1fc8b3b9a1e18e3b_9.0.30729.6161_none_51cd0a7abbe4e19b\ATL90.DLL
0x5f9d0000 - 0x5fddf000 	C:\PROGRA~2\COMMON~1\MICROS~1\OFFICE14\Cultures\office.odf
0x5f160000 - 0x5f9c4000 	C:\PROGRA~2\MICROS~2\Office14\1033\GrooveIntlResource.dll
0x60430000 - 0x604a0000 	C:\Windows\system32\ntshrui.dll
0x722e0000 - 0x722f9000 	C:\Windows\system32\srvcli.dll
0x60ce0000 - 0x60ceb000 	C:\Windows\system32\cscapi.dll
0x60cd0000 - 0x60cda000 	C:\Windows\system32\slc.dll
0x6e3a0000 - 0x6e3b6000 	C:\Program Files (x86)\Java\jdk1.8.0_141\jre\bin\net.dll
0x72b40000 - 0x72b7c000 	C:\Windows\system32\mswsock.dll
0x729f0000 - 0x729f6000 	C:\Windows\System32\wship6.dll
0x6fe30000 - 0x6fe3f000 	C:\Program Files (x86)\Java\jdk1.8.0_141\jre\bin\nio.dll
0x62740000 - 0x62772000 	C:\Program Files (x86)\Java\jdk1.8.0_141\jre\bin\t2k.dll
0x6fef0000 - 0x6ff74000 	C:\Windows\WinSxS\x86_microsoft.windows.common-controls_6595b64144ccf1df_5.82.7601.18837_none_ec86b8d6858ec0bc\comctl32.dll
0x72280000 - 0x722a1000 	C:\Windows\system32\ntmarta.dll
0x74bc0000 - 0x74c05000 	C:\Windows\syswow64\WLDAP32.dll
0x732a0000 - 0x73438000 	C:\Windows\system32\NetworkExplorer.dll
0x73660000 - 0x7368f000 	C:\Windows\System32\shdocvw.dll
0x73cc0000 - 0x73cd2000 	C:\Windows\system32\MPR.dll
0x74560000 - 0x74568000 	C:\Windows\System32\drprov.dll
0x71e10000 - 0x71e39000 	C:\Windows\System32\WINSTA.dll
0x74540000 - 0x74554000 	C:\Windows\System32\ntlanman.dll
0x73640000 - 0x73658000 	C:\Windows\System32\davclnt.dll
0x74570000 - 0x74578000 	C:\Windows\System32\DAVHLPR.dll
0x722d0000 - 0x722df000 	C:\Windows\system32\wkscli.dll
0x72300000 - 0x72309000 	C:\Windows\system32\netutils.dll
0x6f7a0000 - 0x6f9d8000 	C:\Windows\system32\wpdshext.dll
0x71840000 - 0x719d2000 	C:\Windows\WinSxS\x86_microsoft.windows.gdiplus_6595b64144ccf1df_1.1.7601.24234_none_5c05ea59a00ef565\gdiplus.dll
0x734c0000 - 0x73549000 	C:\Windows\system32\PortableDeviceApi.dll
0x76b70000 - 0x76b9f000 	C:\Windows\syswow64\WINTRUST.dll
0x76560000 - 0x76682000 	C:\Windows\syswow64\CRYPT32.dll
0x74c70000 - 0x74c7c000 	C:\Windows\syswow64\MSASN1.dll
0x735a0000 - 0x735df000 	C:\Windows\system32\audiodev.dll
0x6f090000 - 0x6f2f7000 	C:\Windows\system32\WMVCore.DLL
0x73600000 - 0x7363d000 	C:\Windows\system32\WMASF.DLL
0x73570000 - 0x73592000 	C:\Windows\system32\EhStorAPI.dll
0x74530000 - 0x74539000 	C:\Windows\system32\LINKINFO.dll
0x719e0000 - 0x71acb000 	C:\Windows\system32\dbghelp.dll

VM Arguments:
jvm_args: -Dfile.encoding=UTF-8 
java_command: main.home
java_class_path (initial): C:\Program Files (x86)\NetBeans 8.2\java\modules\ext\AbsoluteLayout.jar;C:\Program Files (x86)\NetBeans 8.2\java\modules\ext\beansbinding-1.2.1.jar;C:\Program Files (x86)\NetBeans 8.2\java\modules\ext\hibernate4\antlr-2.7.7.jar;C:\Program Files (x86)\NetBeans 8.2\java\modules\ext\hibernate4\c3p0-0.9.2.1.jar;C:\Program Files (x86)\NetBeans 8.2\java\modules\ext\hibernate4\hibernate-c3p0-4.3.1.Final.jar;C:\Program Files (x86)\NetBeans 8.2\java\modules\ext\hibernate4\mchange-commons-java-0.2.3.4.jar;C:\Program Files (x86)\NetBeans 8.2\java\modules\ext\hibernate4\dom4j-1.6.1.jar;C:\Program Files (x86)\NetBeans 8.2\java\modules\ext\hibernate4\ehcache-core-2.4.3.jar;C:\Program Files (x86)\NetBeans 8.2\java\modules\ext\hibernate4\hibernate-ehcache-4.3.1.Final.jar;C:\Program Files (x86)\NetBeans 8.2\java\modules\ext\hibernate4\hibernate-core-4.3.1.Final.jar;C:\Program Files (x86)\NetBeans 8.2\java\modules\ext\hibernate4\jboss-logging-3.1.3.GA.jar;C:\Program Files (x86)\NetBeans 8.2\java\modules\ext\hibernate4\hibernate-commons-annotations-4.0.4.Final.jar;C:\Program Files (x86)\NetBeans 8.2\java\modules\ext\hibernate4\hibernate-entitymanager-4.3.1.Final.jar;C:\Program Files (x86)\NetBeans 8.2\java\modules\ext\hibernate4\javassist-3.18.1-GA.jar;C:\Program Files (x86)\NetBeans 8.2\java\modules\ext\hibernate4\jboss-transaction-api_1.2_spec-1.0.0.Final.jar;C:\Program Files (x86)\NetBeans 8.2\java\modules\ext\hibernate4\slf4j-api-1.6.1.jar;C:\Program Files (x86)\NetBeans 8.2\java\modules\ext\hibernate4\slf4j-simple-1.6.1.jar;C:\Program Files (x86)\NetBeans 8.2\java\modules\ext\hibernate4\hibernate-jpa-2.1-api-1.0.0.Final.jar;C:\Users\Manas\Desktop\ftp4j-1.7.2.jar;C:\Program Files (x86)\NetBeans 8.2\ide\modules\ext\mysql-connector-java-5.1.23-bin.jar;C:\Users\Manas\Desktop\jersey-bundle-1.9.jar;C:\Users\Manas\Desktop\apache-httpcomponents-httpclient.jar;C:\Users\Manas\Desktop\jsr311-api-1.1.1.jar;C:\Users\Manas\Desktop\jjars\aopalliance-repackaged-2.3.0
Launcher Type: SUN_STANDARD

Environment Variables:
PATH=C:\ProgramData\Oracle\Java\javapath;C:\Windows\system32;C:\Windows;C:\Windows\System32\Wbem;C:\Windows\System32\WindowsPowerShell\v1.0\;C:\Program Files (x86)\Java\jdk1.8.0_141\bin;C:\Program Files (x86)\MySQL\MySQL Server 5.1\bin;C:\Program Files\Microsoft SQL Server\120\Tools\Binn\;C:\Program Files\Microsoft SQL Server\Client SDK\ODBC\110\Tools\Binn\;C:\Program Files (x86)\Microsoft SQL Server\120\Tools\Binn\;C:\Program Files\Microsoft SQL Server\120\DTS\Binn\;C:\Program Files (x86)\Microsoft SQL Server\120\Tools\Binn\ManagementStudio\;C:\Program Files (x86)\Microsoft SQL Server\120\DTS\Binn\
USERNAME=Manas
OS=Windows_NT
PROCESSOR_IDENTIFIER=Intel64 Family 6 Model 37 Stepping 5, GenuineIntel



---------------  S Y S T E M  ---------------

OS: Windows 7 , 64 bit Build 7601 (6.1.7601.24260)

CPU:total 4 (initial active 4) (2 cores per cpu, 2 threads per core) family 6 model 37 stepping 5, cmov, cx8, fxsr, mmx, sse, sse2, sse3, ssse3, sse4.1, sse4.2, popcnt, aes, clmul, ht, tsc, tscinvbit

Memory: 4k page, physical 6084456k(2906516k free), swap 12167012k(7712816k free)

vm_info: Java HotSpot(TM) Client VM (25.141-b15) for windows-x86 JRE (1.8.0_141-b15), built on Jul 12 2017 04:25:45 by "java_re" with MS VC++ 10.0 (VS2010)

time: Sat Apr 27 12:18:25 2019
elapsed time: 22 seconds (0d 0h 0m 22s)

